2025-05-10T11:09:51.298Z - WATCHDOG: Starting watchdog service
2025-05-10T11:09:51.444Z - WATCHDOG: Starting application...
2025-05-10T11:09:51.497Z - WATCHDOG: App output: 🎛️  Starting ArtBastard DMX512FTW Server...
2025-05-10T11:09:51.498Z - WATCHDOG: App output: 🚀 Launching server...
2025-05-10T11:09:52.318Z - WATCHDOG: App output: Starting server from main entry point
2025-05-10T11:09:52.330Z - WATCHDOG: App output: 🚀 Starting ArtBastard DMX512FTW server...
2025-05-10T11:09:52.869Z - WATCHDOG: App error: 2025-05-10T11:09:52.869Z socket.io:server initializing namespace /
2025-05-10T11:09:52.871Z - WATCHDOG: App error: 2025-05-10T11:09:52.870Z socket.io:server creating engine.io instance with opts {"cors":{"origin":true,"methods":["GET","POST"],"credentials":true},"pingTimeout":60000,"pingInterval":25000,"transports":["websocket","polling"],"allowUpgrades":true,"connectTimeout":45000,"maxHttpBufferSize":100000000,"path":"/socket.io","connectionStateRecovery":{"maxDisconnectionDuration":120000,"skipMiddlewares":true},"cleanupEmptyChildNamespaces":false}
2025-05-10T11:09:52.875Z - WATCHDOG: App error: 2025-05-10T11:09:52.875Z socket.io:server attaching client serving req handler
2025-05-10T11:09:52.882Z - WATCHDOG: App output: ✅ Server modules loaded successfully
2025-05-10T11:09:52.883Z - WATCHDOG: App output: Server running at http://localhost:3001
2025-05-10T11:09:52.884Z - WATCHDOG: App output: React app available at http://localhost:3001
2025-05-10T11:09:52.885Z - WATCHDOG: App output: Starting laser time sequence from core module
2025-05-10T11:09:52.886Z - WATCHDOG: App output: Config loaded: {"ip":"192.168.1.199","subnet":0,"universe":0,"net":0,"port":6454,"base_refresh_interval":1000}
2025-05-10T11:09:52.887Z - WATCHDOG: App output: MIDI mappings loaded: {}
2025-05-10T11:09:52.888Z - WATCHDOG: App output: Raw scenes data from file: []
2025-05-10T11:09:52.889Z - WATCHDOG: App output: Scenes loaded: []
2025-05-10T11:09:52.914Z - WATCHDOG: App error: MidiInWinMM::initialize: no MIDI input devices currently available.
2025-05-10T11:09:52.916Z - WATCHDOG: App output: Found 0 MIDI inputs:
2025-05-10T11:09:52.932Z - WATCHDOG: App output: Opening OSC port...
2025-05-10T11:09:52.963Z - WATCHDOG: App output: ArtNet sender initialized with config: {"ip":"192.168.1.199","subnet":0,"universe":0,"net":0,"port":6454,"base_refresh_interval":1000}
2025-05-10T11:09:52.965Z - WATCHDOG: App output: OSC Port is ready
2025-05-10T11:09:53.227Z - WATCHDOG: App error: 2025-05-10T11:09:53.226Z socket.io:server incoming connection with id zH5GpM01OJY-yJjzAAAA
2025-05-10T11:09:53.304Z - WATCHDOG: App error: 2025-05-10T11:09:53.304Z socket.io:client connecting to namespace /
2025-05-10T11:09:53.312Z - WATCHDOG: App output: A user connected
Available MIDI Inputs: []
2025-05-10T11:09:53.315Z - WATCHDOG: App error: 2025-05-10T11:09:53.304Z socket.io:namespace adding socket to nsp /
2025-05-10T11:09:53.306Z socket.io:socket socket connected - writing packet
2025-05-10T11:09:53.307Z socket.io:socket join room YudnuzvSW_H1bJ1kAAAB

MidiInWinMM::initialize: no MIDI input devices currently available.
2025-05-10T11:09:53.319Z - WATCHDOG: App output: Available MIDI Outputs: ["Microsoft GS Wavetable Synth"]
MIDI interfaces found: []
A user connected
2025-05-10T11:09:53.904Z - WATCHDOG: App error: 2025-05-10T11:09:53.903Z socket.io:server incoming connection with id exkkiULQFQaHiTHoAAAD
2025-05-10T11:09:53.915Z - WATCHDOG: App error: 2025-05-10T11:09:53.914Z socket.io:client connecting to namespace /
2025-05-10T11:09:53.918Z - WATCHDOG: App error: 2025-05-10T11:09:53.915Z socket.io:namespace adding socket to nsp /
2025-05-10T11:09:53.917Z socket.io:socket socket connected - writing packet
2025-05-10T11:09:53.917Z socket.io:socket join room F_2yDr7vAEEyHSTuAAAE
2025-05-10T11:09:53.922Z - WATCHDOG: App output: A user connected
2025-05-10T11:09:53.925Z - WATCHDOG: App error: MidiInWinMM::initialize: no MIDI input devices currently available.
2025-05-10T11:09:53.928Z - WATCHDOG: App output: Available MIDI Inputs: []
2025-05-10T11:09:53.931Z - WATCHDOG: App output: Available MIDI Outputs: ["Microsoft GS Wavetable Synth"]
MIDI interfaces found: []
2025-05-10T11:09:53.936Z - WATCHDOG: App output: A user connected
2025-05-10T11:09:53.982Z - WATCHDOG: App output: ArtNet device at 192.168.1.199 is unreachable: Connection timed out
2025-05-10T11:09:54.458Z - WATCHDOG: Application started successfully
2025-05-10T11:09:58.989Z - WATCHDOG: App output: ArtNet device at 192.168.1.199 is unreachable: Connection timed out
2025-05-10T11:10:04.004Z - WATCHDOG: App output: ArtNet device at 192.168.1.199 is unreachable: Connection timed out
