2025-05-11T12:30:12.241Z - [INFO] Uncaught Exception: EPIPE: broken pipe, write
Stack: Error: EPIPE: broken pipe, write
    at Socket._write (node:internal/net:63:18)
    at writeOrBuffer (node:internal/streams/writable:572:12)
    at _write (node:internal/streams/writable:501:10)
    at Writable.write (node:internal/streams/writable:510:10)
    at console.value (node:internal/console/constructor:298:16)
    at console.error (node:internal/console/constructor:412:26)
    at log (C:\Users\aday\Documents\GitHub\ArtBastard_DMX512FTW\dist\logger.js:42:21)
    at process.<anonymous> (C:\Users\aday\Documents\GitHub\ArtBastard_DMX512FTW\dist\server.js:102:26)
    at process.emit (node:events:518:28)
    at process._fatalException (node:internal/process/execution:154:25)
2025-05-11T12:30:12.242Z - [INFO] Uncaught Exception: EPIPE: broken pipe, write
Stack: Error: EPIPE: broken pipe, write
    at Socket._write (node:internal/net:63:18)
    at writeOrBuffer (node:internal/streams/writable:572:12)
    at _write (node:internal/streams/writable:501:10)
    at Writable.write (node:internal/streams/writable:510:10)
    at console.value (node:internal/console/constructor:298:16)
    at console.log (node:internal/console/constructor:384:26)
    at log (C:\Users\aday\Documents\GitHub\ArtBastard_DMX512FTW\dist\logger.js:44:21)
    at process.<anonymous> (C:\Users\aday\Documents\GitHub\ArtBastard_DMX512FTW\dist\server.js:102:26)
    at process.emit (node:events:518:28)
    at process._fatalException (node:internal/process/execution:154:25)
2025-05-11T12:30:12.243Z - [INFO] Uncaught Exception: EPIPE: broken pipe, write
Stack: Error: EPIPE: broken pipe, write
    at Socket._write (node:internal/net:63:18)
    at writeOrBuffer (node:internal/streams/writable:572:12)
    at _write (node:internal/streams/writable:501:10)
    at Writable.write (node:internal/streams/writable:510:10)
    at console.value (node:internal/console/constructor:298:16)
    at console.log (node:internal/console/constructor:384:26)
    at log (C:\Users\aday\Documents\GitHub\ArtBastard_DMX512FTW\dist\logger.js:52:21)
    at process.<anonymous> (C:\Users\aday\Documents\GitHub\ArtBastard_DMX512FTW\dist\server.js:102:26)
    at process.emit (node:events:518:28)
    at process._fatalException (node:internal/process/execution:154:25)
2025-05-11T12:30:12.243Z - [INFO] Uncaught Exception: EPIPE: broken pipe, write
Stack: Error: EPIPE: broken pipe, write
    at Socket._write (node:internal/net:63:18)
    at writeOrBuffer (node:internal/streams/writable:572:12)
    at _write (node:internal/streams/writable:501:10)
    at Writable.write (node:internal/streams/writable:510:10)
    at console.value (node:internal/console/constructor:298:16)
    at console.log (node:internal/console/constructor:384:26)
    at log (C:\Users\aday\Documents\GitHub\ArtBastard_DMX512FTW\dist\logger.js:52:21)
    at process.<anonymous> (C:\Users\aday\Documents\GitHub\ArtBastard_DMX512FTW\dist\server.js:102:26)
    at process.emit (node:events:518:28)
    at process._fatalException (node:internal/process/execution:154:25)
2025-05-11T12:30:12.244Z - [INFO] Uncaught Exception: EPIPE: broken pipe, write
Stack: Error: EPIPE: broken pipe, write
    at Socket._write (node:internal/net:63:18)
    at writeOrBuffer (node:internal/streams/writable:572:12)
    at _write (node:internal/streams/writable:501:10)
    at Writable.write (node:internal/streams/writable:510:10)
    at console.value (node:internal/console/constructor:298:16)
    at console.log (node:internal/console/constructor:384:26)
    at log (C:\Users\aday\Documents\GitHub\ArtBastard_DMX512FTW\dist\logger.js:52:21)
    at process.<anonymous> (C:\Users\aday\Documents\GitHub\ArtBastard_DMX512FTW\dist\server.js:102:26)
    at process.emit (node:events:518:28)
    at process._fatalException (node:internal/process/execution:154:25)
2025-05-11T12:30:12.244Z - [INFO] Uncaught Exception: EPIPE: broken pipe, write
Stack: Error: EPIPE: broken pipe, write
    at Socket._write (node:internal/net:63:18)
    at writeOrBuffer (node:internal/streams/writable:572:12)
    at _write (node:internal/streams/writable:501:10)
    at Writable.write (node:internal/streams/writable:510:10)
    at console.value (node:internal/console/constructor:298:16)
    at console.log (node:internal/console/constructor:384:26)
    at log (C:\Users\aday\Documents\GitHub\ArtBastard_DMX512FTW\dist\logger.js:52:21)
    at process.<anonymous> (C:\Users\aday\Documents\GitHub\ArtBastard_DMX512FTW\dist\server.js:102:26)
    at process.emit (node:events:518:28)
    at process._fatalException (node:internal/process/execution:154:25)
2025-05-11T12:30:12.245Z - [INFO] Uncaught Exception: EPIPE: broken pipe, write
Stack: Error: EPIPE: broken pipe, write
    at Socket._write (node:internal/net:63:18)
    at writeOrBuffer (node:internal/streams/writable:572:12)
    at _write (node:internal/streams/writable:501:10)
    at Writable.write (node:internal/streams/writable:510:10)
    at console.value (node:internal/console/constructor:298:16)
    at console.log (node:internal/console/constructor:384:26)
    at log (C:\Users\aday\Documents\GitHub\ArtBastard_DMX512FTW\dist\logger.js:52:21)
    at process.<anonymous> (C:\Users\aday\Documents\GitHub\ArtBastard_DMX512FTW\dist\server.js:102:26)
    at process.emit (node:events:518:28)
    at process._fatalException (node:internal/process/execution:154:25)
2025-05-11T12:30:12.246Z - [INFO] Uncaught Exception: EPIPE: broken pipe, write
Stack: Error: EPIPE: broken pipe, write
    at Socket._write (node:internal/net:63:18)
    at writeOrBuffer (node:internal/streams/writable:572:12)
    at _write (node:internal/streams/writable:501:10)
    at Writable.write (node:internal/streams/writable:510:10)
    at console.value (node:internal/console/constructor:298:16)
    at console.log (node:internal/console/constructor:384:26)
    at log (C:\Users\aday\Documents\GitHub\ArtBastard_DMX512FTW\dist\logger.js:52:21)
    at process.<anonymous> (C:\Users\aday\Documents\GitHub\ArtBastard_DMX512FTW\dist\server.js:102:26)
    at process.emit (node:events:518:28)
    at process._fatalException (node:internal/process/execution:154:25)
2025-05-11T12:30:12.247Z - [INFO] Uncaught Exception: EPIPE: broken pipe, write
Stack: Error: EPIPE: broken pipe, write
    at Socket._write (node:internal/net:63:18)
    at writeOrBuffer (node:internal/streams/writable:572:12)
    at _write (node:internal/streams/writable:501:10)
    at Writable.write (node:internal/streams/writable:510:10)
    at console.value (node:internal/console/constructor:298:16)
    at console.log (node:internal/console/constructor:384:26)
    at log (C:\Users\aday\Documents\GitHub\ArtBastard_DMX512FTW\dist\logger.js:52:21)
    at process.<anonymous> (C:\Users\aday\Documents\GitHub\ArtBastard_DMX512FTW\dist\server.js:102:26)
    at process.emit (node:events:518:28)
    at process._fatalException (node:internal/process/execution:154:25)
2025-05-11T12:30:12.247Z - [INFO] Uncaught Exception: EPIPE: broken pipe, write
Stack: Error: EPIPE: broken pipe, write
    at Socket._write (node:internal/net:63:18)
    at writeOrBuffer (node:internal/streams/writable:572:12)
    at _write (node:internal/streams/writable:501:10)
    at Writable.write (node:internal/streams/writable:510:10)
    at console.value (node:internal/console/constructor:298:16)
    at console.log (node:internal/console/constructor:384:26)
    at log (C:\Users\aday\Documents\GitHub\ArtBastard_DMX512FTW\dist\logger.js:52:21)
    at process.<anonymous> (C:\Users\aday\Documents\GitHub\ArtBastard_DMX512FTW\dist\server.js:102:26)
    at process.emit (node:events:518:28)
    at process._fatalException (node:internal/process/execution:154:25)
2025-05-11T12:30:12.248Z - [INFO] Uncaught Exception: EPIPE: broken pipe, write
Stack: Error: EPIPE: broken pipe, write
    at Socket._write (node:internal/net:63:18)
    at writeOrBuffer (node:internal/streams/writable:572:12)
    at _write (node:internal/streams/writable:501:10)
    at Writable.write (node:internal/streams/writable:510:10)
    at console.value (node:internal/console/constructor:298:16)
    at console.log (node:internal/console/constructor:384:26)
    at log (C:\Users\aday\Documents\GitHub\ArtBastard_DMX512FTW\dist\logger.js:52:21)
    at process.<anonymous> (C:\Users\aday\Documents\GitHub\ArtBastard_DMX512FTW\dist\server.js:102:26)
    at process.emit (node:events:518:28)
    at process._fatalException (node:internal/process/execution:154:25)
2025-05-11T12:30:12.248Z - [INFO] Uncaught Exception: EPIPE: broken pipe, write
Stack: Error: EPIPE: broken pipe, write
    at Socket._write (node:internal/net:63:18)
    at writeOrBuffer (node:internal/streams/writable:572:12)
    at _write (node:internal/streams/writable:501:10)
    at Writable.write (node:internal/streams/writable:510:10)
    at console.value (node:internal/console/constructor:298:16)
    at console.log (node:internal/console/constructor:384:26)
    at log (C:\Users\aday\Documents\GitHub\ArtBastard_DMX512FTW\dist\logger.js:52:21)
    at process.<anonymous> (C:\Users\aday\Documents\GitHub\ArtBastard_DMX512FTW\dist\server.js:102:26)
    at process.emit (node:events:518:28)
    at process._fatalException (node:internal/process/execution:154:25)
2025-05-11T12:30:12.249Z - [INFO] Uncaught Exception: EPIPE: broken pipe, write
Stack: Error: EPIPE: broken pipe, write
    at Socket._write (node:internal/net:63:18)
    at writeOrBuffer (node:internal/streams/writable:572:12)
    at _write (node:internal/streams/writable:501:10)
    at Writable.write (node:internal/streams/writable:510:10)
    at console.value (node:internal/console/constructor:298:16)
    at console.log (node:internal/console/constructor:384:26)
    at log (C:\Users\aday\Documents\GitHub\ArtBastard_DMX512FTW\dist\logger.js:52:21)
    at process.<anonymous> (C:\Users\aday\Documents\GitHub\ArtBastard_DMX512FTW\dist\server.js:102:26)
    at process.emit (node:events:518:28)
    at process._fatalException (node:internal/process/execution:154:25)
2025-05-11T12:30:12.249Z - [INFO] Uncaught Exception: EPIPE: broken pipe, write
Stack: Error: EPIPE: broken pipe, write
    at Socket._write (node:internal/net:63:18)
    at writeOrBuffer (node:internal/streams/writable:572:12)
    at _write (node:internal/streams/writable:501:10)
    at Writable.write (node:internal/streams/writable:510:10)
    at console.value (node:internal/console/constructor:298:16)
    at console.log (node:internal/console/constructor:384:26)
    at log (C:\Users\aday\Documents\GitHub\ArtBastard_DMX512FTW\dist\logger.js:52:21)
    at process.<anonymous> (C:\Users\aday\Documents\GitHub\ArtBastard_DMX512FTW\dist\server.js:102:26)
    at process.emit (node:events:518:28)
    at process._fatalException (node:internal/process/execution:154:25)
2025-05-11T12:30:12.250Z - [INFO] Uncaught Exception: EPIPE: broken pipe, write
Stack: Error: EPIPE: broken pipe, write
    at Socket._write (node:internal/net:63:18)
    at writeOrBuffer (node:internal/streams/writable:572:12)
    at _write (node:internal/streams/writable:501:10)
    at Writable.write (node:internal/streams/writable:510:10)
    at console.value (node:internal/console/constructor:298:16)
    at console.log (node:internal/console/constructor:384:26)
    at log (C:\Users\aday\Documents\GitHub\ArtBastard_DMX512FTW\dist\logger.js:52:21)
    at process.<anonymous> (C:\Users\aday\Documents\GitHub\ArtBastard_DMX512FTW\dist\server.js:102:26)
    at process.emit (node:events:518:28)
    at process._fatalException (node:internal/process/execution:154:25)
2025-05-11T12:30:12.250Z - [INFO] Uncaught Exception: EPIPE: broken pipe, write
Stack: Error: EPIPE: broken pipe, write
    at Socket._write (node:internal/net:63:18)
    at writeOrBuffer (node:internal/streams/writable:572:12)
    at _write (node:internal/streams/writable:501:10)
    at Writable.write (node:internal/streams/writable:510:10)
    at console.value (node:internal/console/constructor:298:16)
    at console.log (node:internal/console/constructor:384:26)
    at log (C:\Users\aday\Documents\GitHub\ArtBastard_DMX512FTW\dist\logger.js:52:21)
    at process.<anonymous> (C:\Users\aday\Documents\GitHub\ArtBastard_DMX512FTW\dist\server.js:102:26)
    at process.emit (node:events:518:28)
    at process._fatalException (node:internal/process/execution:154:25)
2025-05-11T12:30:12.251Z - [INFO] Uncaught Exception: EPIPE: broken pipe, write
Stack: Error: EPIPE: broken pipe, write
    at Socket._write (node:internal/net:63:18)
    at writeOrBuffer (node:internal/streams/writable:572:12)
    at _write (node:internal/streams/writable:501:10)
    at Writable.write (node:internal/streams/writable:510:10)
    at console.value (node:internal/console/constructor:298:16)
    at console.log (node:internal/console/constructor:384:26)
    at log (C:\Users\aday\Documents\GitHub\ArtBastard_DMX512FTW\dist\logger.js:52:21)
    at process.<anonymous> (C:\Users\aday\Documents\GitHub\ArtBastard_DMX512FTW\dist\server.js:102:26)
    at process.emit (node:events:518:28)
    at process._fatalException (node:internal/process/execution:154:25)
2025-05-11T12:30:12.251Z - [INFO] Uncaught Exception: EPIPE: broken pipe, write
Stack: Error: EPIPE: broken pipe, write
    at Socket._write (node:internal/net:63:18)
    at writeOrBuffer (node:internal/streams/writable:572:12)
    at _write (node:internal/streams/writable:501:10)
    at Writable.write (node:internal/streams/writable:510:10)
    at console.value (node:internal/console/constructor:298:16)
    at console.log (node:internal/console/constructor:384:26)
    at log (C:\Users\aday\Documents\GitHub\ArtBastard_DMX512FTW\dist\logger.js:52:21)
    at process.<anonymous> (C:\Users\aday\Documents\GitHub\ArtBastard_DMX512FTW\dist\server.js:102:26)
    at process.emit (node:events:518:28)
    at process._fatalException (node:internal/process/execution:154:25)
2025-05-11T12:30:12.251Z - [INFO] Uncaught Exception: EPIPE: broken pipe, write
Stack: Error: EPIPE: broken pipe, write
    at Socket._write (node:internal/net:63:18)
    at writeOrBuffer (node:internal/streams/writable:572:12)
    at _write (node:internal/streams/writable:501:10)
    at Writable.write (node:internal/streams/writable:510:10)
    at console.value (node:internal/console/constructor:298:16)
    at console.log (node:internal/console/constructor:384:26)
    at log (C:\Users\aday\Documents\GitHub\ArtBastard_DMX512FTW\dist\logger.js:52:21)
    at process.<anonymous> (C:\Users\aday\Documents\GitHub\ArtBastard_DMX512FTW\dist\server.js:102:26)
    at process.emit (node:events:518:28)
    at process._fatalException (node:internal/process/execution:154:25)
2025-05-11T12:30:12.252Z - [INFO] Uncaught Exception: EPIPE: broken pipe, write
Stack: Error: EPIPE: broken pipe, write
    at Socket._write (node:internal/net:63:18)
    at writeOrBuffer (node:internal/streams/writable:572:12)
    at _write (node:internal/streams/writable:501:10)
    at Writable.write (node:internal/streams/writable:510:10)
    at console.value (node:internal/console/constructor:298:16)
    at console.log (node:internal/console/constructor:384:26)
    at log (C:\Users\aday\Documents\GitHub\ArtBastard_DMX512FTW\dist\logger.js:52:21)
    at process.<anonymous> (C:\Users\aday\Documents\GitHub\ArtBastard_DMX512FTW\dist\server.js:102:26)
    at process.emit (node:events:518:28)
    at process._fatalException (node:internal/process/execution:154:25)
2025-05-11T12:30:12.252Z - [INFO] Uncaught Exception: EPIPE: broken pipe, write
Stack: Error: EPIPE: broken pipe, write
    at Socket._write (node:internal/net:63:18)
    at writeOrBuffer (node:internal/streams/writable:572:12)
    at _write (node:internal/streams/writable:501:10)
    at Writable.write (node:internal/streams/writable:510:10)
    at console.value (node:internal/console/constructor:298:16)
    at console.log (node:internal/console/constructor:384:26)
    at log (C:\Users\aday\Documents\GitHub\ArtBastard_DMX512FTW\dist\logger.js:52:21)
    at process.<anonymous> (C:\Users\aday\Documents\GitHub\ArtBastard_DMX512FTW\dist\server.js:102:26)
    at process.emit (node:events:518:28)
    at process._fatalException (node:internal/process/execution:154:25)
2025-05-11T12:30:12.253Z - [INFO] Uncaught Exception: EPIPE: broken pipe, write
Stack: Error: EPIPE: broken pipe, write
    at Socket._write (node:internal/net:63:18)
    at writeOrBuffer (node:internal/streams/writable:572:12)
    at _write (node:internal/streams/writable:501:10)
    at Writable.write (node:internal/streams/writable:510:10)
    at console.value (node:internal/console/constructor:298:16)
    at console.log (node:internal/console/constructor:384:26)
    at log (C:\Users\aday\Documents\GitHub\ArtBastard_DMX512FTW\dist\logger.js:52:21)
    at process.<anonymous> (C:\Users\aday\Documents\GitHub\ArtBastard_DMX512FTW\dist\server.js:102:26)
    at process.emit (node:events:518:28)
    at process._fatalException (node:internal/process/execution:154:25)
2025-05-11T12:30:12.254Z - [INFO] Uncaught Exception: EPIPE: broken pipe, write
Stack: Error: EPIPE: broken pipe, write
    at Socket._write (node:internal/net:63:18)
    at writeOrBuffer (node:internal/streams/writable:572:12)
    at _write (node:internal/streams/writable:501:10)
    at Writable.write (node:internal/streams/writable:510:10)
    at console.value (node:internal/console/constructor:298:16)
    at console.log (node:internal/console/constructor:384:26)
    at log (C:\Users\aday\Documents\GitHub\ArtBastard_DMX512FTW\dist\logger.js:52:21)
    at process.<anonymous> (C:\Users\aday\Documents\GitHub\ArtBastard_DMX512FTW\dist\server.js:102:26)
    at process.emit (node:events:518:28)
    at process._fatalException (node:internal/process/execution:154:25)
2025-05-11T12:30:12.255Z - [INFO] Uncaught Exception: EPIPE: broken pipe, write
Stack: Error: EPIPE: broken pipe, write
    at Socket._write (node:internal/net:63:18)
    at writeOrBuffer (node:internal/streams/writable:572:12)
    at _write (node:internal/streams/writable:501:10)
    at Writable.write (node:internal/streams/writable:510:10)
    at console.value (node:internal/console/constructor:298:16)
    at console.log (node:internal/console/constructor:384:26)
    at log (C:\Users\aday\Documents\GitHub\ArtBastard_DMX512FTW\dist\logger.js:52:21)
    at process.<anonymous> (C:\Users\aday\Documents\GitHub\ArtBastard_DMX512FTW\dist\server.js:102:26)
    at process.emit (node:events:518:28)
    at process._fatalException (node:internal/process/execution:154:25)
2025-05-11T12:30:12.255Z - [INFO] Uncaught Exception: EPIPE: broken pipe, write
Stack: Error: EPIPE: broken pipe, write
    at Socket._write (node:internal/net:63:18)
    at writeOrBuffer (node:internal/streams/writable:572:12)
    at _write (node:internal/streams/writable:501:10)
    at Writable.write (node:internal/streams/writable:510:10)
    at console.value (node:internal/console/constructor:298:16)
    at console.log (node:internal/console/constructor:384:26)
    at log (C:\Users\aday\Documents\GitHub\ArtBastard_DMX512FTW\dist\logger.js:52:21)
    at process.<anonymous> (C:\Users\aday\Documents\GitHub\ArtBastard_DMX512FTW\dist\server.js:102:26)
    at process.emit (node:events:518:28)
    at process._fatalException (node:internal/process/execution:154:25)
2025-05-11T12:30:12.256Z - [INFO] Uncaught Exception: EPIPE: broken pipe, write
Stack: Error: EPIPE: broken pipe, write
    at Socket._write (node:internal/net:63:18)
    at writeOrBuffer (node:internal/streams/writable:572:12)
    at _write (node:internal/streams/writable:501:10)
    at Writable.write (node:internal/streams/writable:510:10)
    at console.value (node:internal/console/constructor:298:16)
    at console.log (node:internal/console/constructor:384:26)
    at log (C:\Users\aday\Documents\GitHub\ArtBastard_DMX512FTW\dist\logger.js:52:21)
    at process.<anonymous> (C:\Users\aday\Documents\GitHub\ArtBastard_DMX512FTW\dist\server.js:102:26)
    at process.emit (node:events:518:28)
    at process._fatalException (node:internal/process/execution:154:25)
2025-05-11T12:30:12.256Z - [INFO] Uncaught Exception: EPIPE: broken pipe, write
Stack: Error: EPIPE: broken pipe, write
    at Socket._write (node:internal/net:63:18)
    at writeOrBuffer (node:internal/streams/writable:572:12)
    at _write (node:internal/streams/writable:501:10)
    at Writable.write (node:internal/streams/writable:510:10)
    at console.value (node:internal/console/constructor:298:16)
    at console.log (node:internal/console/constructor:384:26)
    at log (C:\Users\aday\Documents\GitHub\ArtBastard_DMX512FTW\dist\logger.js:52:21)
    at process.<anonymous> (C:\Users\aday\Documents\GitHub\ArtBastard_DMX512FTW\dist\server.js:102:26)
    at process.emit (node:events:518:28)
    at process._fatalException (node:internal/process/execution:154:25)
2025-05-11T12:30:12.257Z - [INFO] Uncaught Exception: EPIPE: broken pipe, write
Stack: Error: EPIPE: broken pipe, write
    at Socket._write (node:internal/net:63:18)
    at writeOrBuffer (node:internal/streams/writable:572:12)
    at _write (node:internal/streams/writable:501:10)
    at Writable.write (node:internal/streams/writable:510:10)
    at console.value (node:internal/console/constructor:298:16)
    at console.log (node:internal/console/constructor:384:26)
    at log (C:\Users\aday\Documents\GitHub\ArtBastard_DMX512FTW\dist\logger.js:52:21)
    at process.<anonymous> (C:\Users\aday\Documents\GitHub\ArtBastard_DMX512FTW\dist\server.js:102:26)
    at process.emit (node:events:518:28)
    at process._fatalException (node:internal/process/execution:154:25)
2025-05-11T12:30:12.257Z - [INFO] Uncaught Exception: EPIPE: broken pipe, write
Stack: Error: EPIPE: broken pipe, write
    at Socket._write (node:internal/net:63:18)
    at writeOrBuffer (node:internal/streams/writable:572:12)
    at _write (node:internal/streams/writable:501:10)
    at Writable.write (node:internal/streams/writable:510:10)
    at console.value (node:internal/console/constructor:298:16)
    at console.log (node:internal/console/constructor:384:26)
    at log (C:\Users\aday\Documents\GitHub\ArtBastard_DMX512FTW\dist\logger.js:52:21)
    at process.<anonymous> (C:\Users\aday\Documents\GitHub\ArtBastard_DMX512FTW\dist\server.js:102:26)
    at process.emit (node:events:518:28)
    at process._fatalException (node:internal/process/execution:154:25)
2025-05-11T12:30:12.258Z - [INFO] Uncaught Exception: EPIPE: broken pipe, write
Stack: Error: EPIPE: broken pipe, write
    at Socket._write (node:internal/net:63:18)
    at writeOrBuffer (node:internal/streams/writable:572:12)
    at _write (node:internal/streams/writable:501:10)
    at Writable.write (node:internal/streams/writable:510:10)
    at console.value (node:internal/console/constructor:298:16)
    at console.log (node:internal/console/constructor:384:26)
    at log (C:\Users\aday\Documents\GitHub\ArtBastard_DMX512FTW\dist\logger.js:52:21)
    at process.<anonymous> (C:\Users\aday\Documents\GitHub\ArtBastard_DMX512FTW\dist\server.js:102:26)
    at process.emit (node:events:518:28)
    at process._fatalException (node:internal/process/execution:154:25)
2025-05-11T12:30:12.258Z - [INFO] Uncaught Exception: EPIPE: broken pipe, write
Stack: Error: EPIPE: broken pipe, write
    at Socket._write (node:internal/net:63:18)
    at writeOrBuffer (node:internal/streams/writable:572:12)
    at _write (node:internal/streams/writable:501:10)
    at Writable.write (node:internal/streams/writable:510:10)
    at console.value (node:internal/console/constructor:298:16)
    at console.log (node:internal/console/constructor:384:26)
    at log (C:\Users\aday\Documents\GitHub\ArtBastard_DMX512FTW\dist\logger.js:52:21)
    at process.<anonymous> (C:\Users\aday\Documents\GitHub\ArtBastard_DMX512FTW\dist\server.js:102:26)
    at process.emit (node:events:518:28)
    at process._fatalException (node:internal/process/execution:154:25)
2025-05-11T12:30:12.258Z - [INFO] Uncaught Exception: EPIPE: broken pipe, write
Stack: Error: EPIPE: broken pipe, write
    at Socket._write (node:internal/net:63:18)
    at writeOrBuffer (node:internal/streams/writable:572:12)
    at _write (node:internal/streams/writable:501:10)
    at Writable.write (node:internal/streams/writable:510:10)
    at console.value (node:internal/console/constructor:298:16)
    at console.log (node:internal/console/constructor:384:26)
    at log (C:\Users\aday\Documents\GitHub\ArtBastard_DMX512FTW\dist\logger.js:52:21)
    at process.<anonymous> (C:\Users\aday\Documents\GitHub\ArtBastard_DMX512FTW\dist\server.js:102:26)
    at process.emit (node:events:518:28)
    at process._fatalException (node:internal/process/execution:154:25)
2025-05-11T12:30:12.259Z - [INFO] Uncaught Exception: EPIPE: broken pipe, write
Stack: Error: EPIPE: broken pipe, write
    at Socket._write (node:internal/net:63:18)
    at writeOrBuffer (node:internal/streams/writable:572:12)
    at _write (node:internal/streams/writable:501:10)
    at Writable.write (node:internal/streams/writable:510:10)
    at console.value (node:internal/console/constructor:298:16)
    at console.log (node:internal/console/constructor:384:26)
    at log (C:\Users\aday\Documents\GitHub\ArtBastard_DMX512FTW\dist\logger.js:52:21)
    at process.<anonymous> (C:\Users\aday\Documents\GitHub\ArtBastard_DMX512FTW\dist\server.js:102:26)
    at process.emit (node:events:518:28)
    at process._fatalException (node:internal/process/execution:154:25)
2025-05-11T12:30:12.259Z - [INFO] Uncaught Exception: EPIPE: broken pipe, write
Stack: Error: EPIPE: broken pipe, write
    at Socket._write (node:internal/net:63:18)
    at writeOrBuffer (node:internal/streams/writable:572:12)
    at _write (node:internal/streams/writable:501:10)
    at Writable.write (node:internal/streams/writable:510:10)
    at console.value (node:internal/console/constructor:298:16)
    at console.log (node:internal/console/constructor:384:26)
    at log (C:\Users\aday\Documents\GitHub\ArtBastard_DMX512FTW\dist\logger.js:52:21)
    at process.<anonymous> (C:\Users\aday\Documents\GitHub\ArtBastard_DMX512FTW\dist\server.js:102:26)
    at process.emit (node:events:518:28)
    at process._fatalException (node:internal/process/execution:154:25)
2025-05-11T12:30:12.260Z - [INFO] Uncaught Exception: EPIPE: broken pipe, write
Stack: Error: EPIPE: broken pipe, write
    at Socket._write (node:internal/net:63:18)
    at writeOrBuffer (node:internal/streams/writable:572:12)
    at _write (node:internal/streams/writable:501:10)
    at Writable.write (node:internal/streams/writable:510:10)
    at console.value (node:internal/console/constructor:298:16)
    at console.log (node:internal/console/constructor:384:26)
    at log (C:\Users\aday\Documents\GitHub\ArtBastard_DMX512FTW\dist\logger.js:52:21)
    at process.<anonymous> (C:\Users\aday\Documents\GitHub\ArtBastard_DMX512FTW\dist\server.js:102:26)
    at process.emit (node:events:518:28)
    at process._fatalException (node:internal/process/execution:154:25)
2025-05-11T12:30:12.260Z - [INFO] Uncaught Exception: EPIPE: broken pipe, write
Stack: Error: EPIPE: broken pipe, write
    at Socket._write (node:internal/net:63:18)
    at writeOrBuffer (node:internal/streams/writable:572:12)
    at _write (node:internal/streams/writable:501:10)
    at Writable.write (node:internal/streams/writable:510:10)
    at console.value (node:internal/console/constructor:298:16)
    at console.log (node:internal/console/constructor:384:26)
    at log (C:\Users\aday\Documents\GitHub\ArtBastard_DMX512FTW\dist\logger.js:52:21)
    at process.<anonymous> (C:\Users\aday\Documents\GitHub\ArtBastard_DMX512FTW\dist\server.js:102:26)
    at process.emit (node:events:518:28)
    at process._fatalException (node:internal/process/execution:154:25)
2025-05-11T12:30:12.261Z - [INFO] Uncaught Exception: EPIPE: broken pipe, write
Stack: Error: EPIPE: broken pipe, write
    at Socket._write (node:internal/net:63:18)
    at writeOrBuffer (node:internal/streams/writable:572:12)
    at _write (node:internal/streams/writable:501:10)
    at Writable.write (node:internal/streams/writable:510:10)
    at console.value (node:internal/console/constructor:298:16)
    at console.log (node:internal/console/constructor:384:26)
    at log (C:\Users\aday\Documents\GitHub\ArtBastard_DMX512FTW\dist\logger.js:52:21)
    at process.<anonymous> (C:\Users\aday\Documents\GitHub\ArtBastard_DMX512FTW\dist\server.js:102:26)
    at process.emit (node:events:518:28)
    at process._fatalException (node:internal/process/execution:154:25)
2025-05-11T12:30:12.261Z - [INFO] Uncaught Exception: EPIPE: broken pipe, write
Stack: Error: EPIPE: broken pipe, write
    at Socket._write (node:internal/net:63:18)
    at writeOrBuffer (node:internal/streams/writable:572:12)
    at _write (node:internal/streams/writable:501:10)
    at Writable.write (node:internal/streams/writable:510:10)
    at console.value (node:internal/console/constructor:298:16)
    at console.log (node:internal/console/constructor:384:26)
    at log (C:\Users\aday\Documents\GitHub\ArtBastard_DMX512FTW\dist\logger.js:52:21)
    at process.<anonymous> (C:\Users\aday\Documents\GitHub\ArtBastard_DMX512FTW\dist\server.js:102:26)
    at process.emit (node:events:518:28)
    at process._fatalException (node:internal/process/execution:154:25)
2025-05-11T12:30:12.262Z - [INFO] Uncaught Exception: EPIPE: broken pipe, write
Stack: Error: EPIPE: broken pipe, write
    at Socket._write (node:internal/net:63:18)
    at writeOrBuffer (node:internal/streams/writable:572:12)
    at _write (node:internal/streams/writable:501:10)
    at Writable.write (node:internal/streams/writable:510:10)
    at console.value (node:internal/console/constructor:298:16)
    at console.log (node:internal/console/constructor:384:26)
    at log (C:\Users\aday\Documents\GitHub\ArtBastard_DMX512FTW\dist\logger.js:52:21)
    at process.<anonymous> (C:\Users\aday\Documents\GitHub\ArtBastard_DMX512FTW\dist\server.js:102:26)
    at process.emit (node:events:518:28)
    at process._fatalException (node:internal/process/execution:154:25)
2025-05-11T12:30:12.262Z - [INFO] Uncaught Exception: EPIPE: broken pipe, write
Stack: Error: EPIPE: broken pipe, write
    at Socket._write (node:internal/net:63:18)
    at writeOrBuffer (node:internal/streams/writable:572:12)
    at _write (node:internal/streams/writable:501:10)
    at Writable.write (node:internal/streams/writable:510:10)
    at console.value (node:internal/console/constructor:298:16)
    at console.log (node:internal/console/constructor:384:26)
    at log (C:\Users\aday\Documents\GitHub\ArtBastard_DMX512FTW\dist\logger.js:52:21)
    at process.<anonymous> (C:\Users\aday\Documents\GitHub\ArtBastard_DMX512FTW\dist\server.js:102:26)
    at process.emit (node:events:518:28)
    at process._fatalException (node:internal/process/execution:154:25)
2025-05-11T12:30:12.263Z - [INFO] Uncaught Exception: EPIPE: broken pipe, write
Stack: Error: EPIPE: broken pipe, write
    at Socket._write (node:internal/net:63:18)
    at writeOrBuffer (node:internal/streams/writable:572:12)
    at _write (node:internal/streams/writable:501:10)
    at Writable.write (node:internal/streams/writable:510:10)
    at console.value (node:internal/console/constructor:298:16)
    at console.log (node:internal/console/constructor:384:26)
    at log (C:\Users\aday\Documents\GitHub\ArtBastard_DMX512FTW\dist\logger.js:52:21)
    at process.<anonymous> (C:\Users\aday\Documents\GitHub\ArtBastard_DMX512FTW\dist\server.js:102:26)
    at process.emit (node:events:518:28)
    at process._fatalException (node:internal/process/execution:154:25)
2025-05-11T12:30:12.263Z - [INFO] Uncaught Exception: EPIPE: broken pipe, write
Stack: Error: EPIPE: broken pipe, write
    at Socket._write (node:internal/net:63:18)
    at writeOrBuffer (node:internal/streams/writable:572:12)
    at _write (node:internal/streams/writable:501:10)
    at Writable.write (node:internal/streams/writable:510:10)
    at console.value (node:internal/console/constructor:298:16)
    at console.log (node:internal/console/constructor:384:26)
    at log (C:\Users\aday\Documents\GitHub\ArtBastard_DMX512FTW\dist\logger.js:52:21)
    at process.<anonymous> (C:\Users\aday\Documents\GitHub\ArtBastard_DMX512FTW\dist\server.js:102:26)
    at process.emit (node:events:518:28)
    at process._fatalException (node:internal/process/execution:154:25)
2025-05-11T12:30:12.264Z - [INFO] Uncaught Exception: EPIPE: broken pipe, write
Stack: Error: EPIPE: broken pipe, write
    at Socket._write (node:internal/net:63:18)
    at writeOrBuffer (node:internal/streams/writable:572:12)
    at _write (node:internal/streams/writable:501:10)
    at Writable.write (node:internal/streams/writable:510:10)
    at console.value (node:internal/console/constructor:298:16)
    at console.log (node:internal/console/constructor:384:26)
    at log (C:\Users\aday\Documents\GitHub\ArtBastard_DMX512FTW\dist\logger.js:52:21)
    at process.<anonymous> (C:\Users\aday\Documents\GitHub\ArtBastard_DMX512FTW\dist\server.js:102:26)
    at process.emit (node:events:518:28)
    at process._fatalException (node:internal/process/execution:154:25)
2025-05-11T12:30:12.264Z - [INFO] Uncaught Exception: EPIPE: broken pipe, write
Stack: Error: EPIPE: broken pipe, write
    at Socket._write (node:internal/net:63:18)
    at writeOrBuffer (node:internal/streams/writable:572:12)
    at _write (node:internal/streams/writable:501:10)
    at Writable.write (node:internal/streams/writable:510:10)
    at console.value (node:internal/console/constructor:298:16)
    at console.log (node:internal/console/constructor:384:26)
    at log (C:\Users\aday\Documents\GitHub\ArtBastard_DMX512FTW\dist\logger.js:52:21)
    at process.<anonymous> (C:\Users\aday\Documents\GitHub\ArtBastard_DMX512FTW\dist\server.js:102:26)
    at process.emit (node:events:518:28)
    at process._fatalException (node:internal/process/execution:154:25)
2025-05-11T12:30:12.265Z - [INFO] Uncaught Exception: EPIPE: broken pipe, write
Stack: Error: EPIPE: broken pipe, write
    at Socket._write (node:internal/net:63:18)
    at writeOrBuffer (node:internal/streams/writable:572:12)
    at _write (node:internal/streams/writable:501:10)
    at Writable.write (node:internal/streams/writable:510:10)
    at console.value (node:internal/console/constructor:298:16)
    at console.log (node:internal/console/constructor:384:26)
    at log (C:\Users\aday\Documents\GitHub\ArtBastard_DMX512FTW\dist\logger.js:52:21)
    at process.<anonymous> (C:\Users\aday\Documents\GitHub\ArtBastard_DMX512FTW\dist\server.js:102:26)
    at process.emit (node:events:518:28)
    at process._fatalException (node:internal/process/execution:154:25)
2025-05-11T12:30:12.266Z - [INFO] Uncaught Exception: EPIPE: broken pipe, write
Stack: Error: EPIPE: broken pipe, write
    at Socket._write (node:internal/net:63:18)
    at writeOrBuffer (node:internal/streams/writable:572:12)
    at _write (node:internal/streams/writable:501:10)
    at Writable.write (node:internal/streams/writable:510:10)
    at console.value (node:internal/console/constructor:298:16)
    at console.log (node:internal/console/constructor:384:26)
    at log (C:\Users\aday\Documents\GitHub\ArtBastard_DMX512FTW\dist\logger.js:52:21)
    at process.<anonymous> (C:\Users\aday\Documents\GitHub\ArtBastard_DMX512FTW\dist\server.js:102:26)
    at process.emit (node:events:518:28)
    at process._fatalException (node:internal/process/execution:154:25)
2025-05-11T12:30:12.266Z - [INFO] Uncaught Exception: EPIPE: broken pipe, write
Stack: Error: EPIPE: broken pipe, write
    at Socket._write (node:internal/net:63:18)
    at writeOrBuffer (node:internal/streams/writable:572:12)
    at _write (node:internal/streams/writable:501:10)
    at Writable.write (node:internal/streams/writable:510:10)
    at console.value (node:internal/console/constructor:298:16)
    at console.log (node:internal/console/constructor:384:26)
    at log (C:\Users\aday\Documents\GitHub\ArtBastard_DMX512FTW\dist\logger.js:52:21)
    at process.<anonymous> (C:\Users\aday\Documents\GitHub\ArtBastard_DMX512FTW\dist\server.js:102:26)
    at process.emit (node:events:518:28)
    at process._fatalException (node:internal/process/execution:154:25)
2025-05-11T12:30:12.267Z - [INFO] Uncaught Exception: EPIPE: broken pipe, write
Stack: Error: EPIPE: broken pipe, write
    at Socket._write (node:internal/net:63:18)
    at writeOrBuffer (node:internal/streams/writable:572:12)
    at _write (node:internal/streams/writable:501:10)
    at Writable.write (node:internal/streams/writable:510:10)
    at console.value (node:internal/console/constructor:298:16)
    at console.log (node:internal/console/constructor:384:26)
    at log (C:\Users\aday\Documents\GitHub\ArtBastard_DMX512FTW\dist\logger.js:52:21)
    at process.<anonymous> (C:\Users\aday\Documents\GitHub\ArtBastard_DMX512FTW\dist\server.js:102:26)
    at process.emit (node:events:518:28)
    at process._fatalException (node:internal/process/execution:154:25)
2025-05-11T12:30:12.267Z - [INFO] Uncaught Exception: EPIPE: broken pipe, write
Stack: Error: EPIPE: broken pipe, write
    at Socket._write (node:internal/net:63:18)
    at writeOrBuffer (node:internal/streams/writable:572:12)
    at _write (node:internal/streams/writable:501:10)
    at Writable.write (node:internal/streams/writable:510:10)
    at console.value (node:internal/console/constructor:298:16)
    at console.log (node:internal/console/constructor:384:26)
    at log (C:\Users\aday\Documents\GitHub\ArtBastard_DMX512FTW\dist\logger.js:52:21)
    at process.<anonymous> (C:\Users\aday\Documents\GitHub\ArtBastard_DMX512FTW\dist\server.js:102:26)
    at process.emit (node:events:518:28)
    at process._fatalException (node:internal/process/execution:154:25)
2025-05-11T12:30:12.268Z - [INFO] Uncaught Exception: EPIPE: broken pipe, write
Stack: Error: EPIPE: broken pipe, write
    at Socket._write (node:internal/net:63:18)
    at writeOrBuffer (node:internal/streams/writable:572:12)
    at _write (node:internal/streams/writable:501:10)
    at Writable.write (node:internal/streams/writable:510:10)
    at console.value (node:internal/console/constructor:298:16)
    at console.log (node:internal/console/constructor:384:26)
    at log (C:\Users\aday\Documents\GitHub\ArtBastard_DMX512FTW\dist\logger.js:52:21)
    at process.<anonymous> (C:\Users\aday\Documents\GitHub\ArtBastard_DMX512FTW\dist\server.js:102:26)
    at process.emit (node:events:518:28)
    at process._fatalException (node:internal/process/execution:154:25)
2025-05-11T12:30:12.269Z - [INFO] Uncaught Exception: EPIPE: broken pipe, write
Stack: Error: EPIPE: broken pipe, write
    at Socket._write (node:internal/net:63:18)
    at writeOrBuffer (node:internal/streams/writable:572:12)
    at _write (node:internal/streams/writable:501:10)
    at Writable.write (node:internal/streams/writable:510:10)
    at console.value (node:internal/console/constructor:298:16)
    at console.log (node:internal/console/constructor:384:26)
    at log (C:\Users\aday\Documents\GitHub\ArtBastard_DMX512FTW\dist\logger.js:52:21)
    at process.<anonymous> (C:\Users\aday\Documents\GitHub\ArtBastard_DMX512FTW\dist\server.js:102:26)
    at process.emit (node:events:518:28)
    at process._fatalException (node:internal/process/execution:154:25)
2025-05-11T12:30:12.270Z - [INFO] Uncaught Exception: EPIPE: broken pipe, write
Stack: Error: EPIPE: broken pipe, write
    at Socket._write (node:internal/net:63:18)
    at writeOrBuffer (node:internal/streams/writable:572:12)
    at _write (node:internal/streams/writable:501:10)
    at Writable.write (node:internal/streams/writable:510:10)
    at console.value (node:internal/console/constructor:298:16)
    at console.log (node:internal/console/constructor:384:26)
    at log (C:\Users\aday\Documents\GitHub\ArtBastard_DMX512FTW\dist\logger.js:52:21)
    at process.<anonymous> (C:\Users\aday\Documents\GitHub\ArtBastard_DMX512FTW\dist\server.js:102:26)
    at process.emit (node:events:518:28)
    at process._fatalException (node:internal/process/execution:154:25)
2025-05-11T12:30:12.271Z - [INFO] Uncaught Exception: EPIPE: broken pipe, write
Stack: Error: EPIPE: broken pipe, write
    at Socket._write (node:internal/net:63:18)
    at writeOrBuffer (node:internal/streams/writable:572:12)
    at _write (node:internal/streams/writable:501:10)
    at Writable.write (node:internal/streams/writable:510:10)
    at console.value (node:internal/console/constructor:298:16)
    at console.log (node:internal/console/constructor:384:26)
    at log (C:\Users\aday\Documents\GitHub\ArtBastard_DMX512FTW\dist\logger.js:52:21)
    at process.<anonymous> (C:\Users\aday\Documents\GitHub\ArtBastard_DMX512FTW\dist\server.js:102:26)
    at process.emit (node:events:518:28)
    at process._fatalException (node:internal/process/execution:154:25)
2025-05-11T12:30:12.272Z - [INFO] Uncaught Exception: EPIPE: broken pipe, write
Stack: Error: EPIPE: broken pipe, write
    at Socket._write (node:internal/net:63:18)
    at writeOrBuffer (node:internal/streams/writable:572:12)
    at _write (node:internal/streams/writable:501:10)
    at Writable.write (node:internal/streams/writable:510:10)
    at console.value (node:internal/console/constructor:298:16)
    at console.log (node:internal/console/constructor:384:26)
    at log (C:\Users\aday\Documents\GitHub\ArtBastard_DMX512FTW\dist\logger.js:52:21)
    at process.<anonymous> (C:\Users\aday\Documents\GitHub\ArtBastard_DMX512FTW\dist\server.js:102:26)
    at process.emit (node:events:518:28)
    at process._fatalException (node:internal/process/execution:154:25)
2025-05-11T12:30:12.272Z - [INFO] Uncaught Exception: EPIPE: broken pipe, write
Stack: Error: EPIPE: broken pipe, write
    at Socket._write (node:internal/net:63:18)
    at writeOrBuffer (node:internal/streams/writable:572:12)
    at _write (node:internal/streams/writable:501:10)
    at Writable.write (node:internal/streams/writable:510:10)
    at console.value (node:internal/console/constructor:298:16)
    at console.log (node:internal/console/constructor:384:26)
    at log (C:\Users\aday\Documents\GitHub\ArtBastard_DMX512FTW\dist\logger.js:52:21)
    at process.<anonymous> (C:\Users\aday\Documents\GitHub\ArtBastard_DMX512FTW\dist\server.js:102:26)
    at process.emit (node:events:518:28)
    at process._fatalException (node:internal/process/execution:154:25)
2025-05-11T12:30:12.273Z - [INFO] Uncaught Exception: EPIPE: broken pipe, write
Stack: Error: EPIPE: broken pipe, write
    at Socket._write (node:internal/net:63:18)
    at writeOrBuffer (node:internal/streams/writable:572:12)
    at _write (node:internal/streams/writable:501:10)
    at Writable.write (node:internal/streams/writable:510:10)
    at console.value (node:internal/console/constructor:298:16)
    at console.log (node:internal/console/constructor:384:26)
    at log (C:\Users\aday\Documents\GitHub\ArtBastard_DMX512FTW\dist\logger.js:52:21)
    at process.<anonymous> (C:\Users\aday\Documents\GitHub\ArtBastard_DMX512FTW\dist\server.js:102:26)
    at process.emit (node:events:518:28)
    at process._fatalException (node:internal/process/execution:154:25)
2025-05-11T12:30:12.273Z - [INFO] Uncaught Exception: EPIPE: broken pipe, write
Stack: Error: EPIPE: broken pipe, write
    at Socket._write (node:internal/net:63:18)
    at writeOrBuffer (node:internal/streams/writable:572:12)
    at _write (node:internal/streams/writable:501:10)
    at Writable.write (node:internal/streams/writable:510:10)
    at console.value (node:internal/console/constructor:298:16)
    at console.log (node:internal/console/constructor:384:26)
    at log (C:\Users\aday\Documents\GitHub\ArtBastard_DMX512FTW\dist\logger.js:52:21)
    at process.<anonymous> (C:\Users\aday\Documents\GitHub\ArtBastard_DMX512FTW\dist\server.js:102:26)
    at process.emit (node:events:518:28)
    at process._fatalException (node:internal/process/execution:154:25)
2025-05-11T12:30:12.274Z - [INFO] Uncaught Exception: EPIPE: broken pipe, write
Stack: Error: EPIPE: broken pipe, write
    at Socket._write (node:internal/net:63:18)
    at writeOrBuffer (node:internal/streams/writable:572:12)
    at _write (node:internal/streams/writable:501:10)
    at Writable.write (node:internal/streams/writable:510:10)
    at console.value (node:internal/console/constructor:298:16)
    at console.log (node:internal/console/constructor:384:26)
    at log (C:\Users\aday\Documents\GitHub\ArtBastard_DMX512FTW\dist\logger.js:52:21)
    at process.<anonymous> (C:\Users\aday\Documents\GitHub\ArtBastard_DMX512FTW\dist\server.js:102:26)
    at process.emit (node:events:518:28)
    at process._fatalException (node:internal/process/execution:154:25)
2025-05-11T12:30:12.274Z - [INFO] Uncaught Exception: EPIPE: broken pipe, write
Stack: Error: EPIPE: broken pipe, write
    at Socket._write (node:internal/net:63:18)
    at writeOrBuffer (node:internal/streams/writable:572:12)
    at _write (node:internal/streams/writable:501:10)
    at Writable.write (node:internal/streams/writable:510:10)
    at console.value (node:internal/console/constructor:298:16)
    at console.log (node:internal/console/constructor:384:26)
    at log (C:\Users\aday\Documents\GitHub\ArtBastard_DMX512FTW\dist\logger.js:52:21)
    at process.<anonymous> (C:\Users\aday\Documents\GitHub\ArtBastard_DMX512FTW\dist\server.js:102:26)
    at process.emit (node:events:518:28)
    at process._fatalException (node:internal/process/execution:154:25)
2025-05-11T12:30:12.275Z - [INFO] Uncaught Exception: EPIPE: broken pipe, write
Stack: Error: EPIPE: broken pipe, write
    at Socket._write (node:internal/net:63:18)
    at writeOrBuffer (node:internal/streams/writable:572:12)
    at _write (node:internal/streams/writable:501:10)
    at Writable.write (node:internal/streams/writable:510:10)
    at console.value (node:internal/console/constructor:298:16)
    at console.log (node:internal/console/constructor:384:26)
    at log (C:\Users\aday\Documents\GitHub\ArtBastard_DMX512FTW\dist\logger.js:52:21)
    at process.<anonymous> (C:\Users\aday\Documents\GitHub\ArtBastard_DMX512FTW\dist\server.js:102:26)
    at process.emit (node:events:518:28)
    at process._fatalException (node:internal/process/execution:154:25)
2025-05-11T12:30:12.275Z - [INFO] Uncaught Exception: EPIPE: broken pipe, write
Stack: Error: EPIPE: broken pipe, write
    at Socket._write (node:internal/net:63:18)
    at writeOrBuffer (node:internal/streams/writable:572:12)
    at _write (node:internal/streams/writable:501:10)
    at Writable.write (node:internal/streams/writable:510:10)
    at console.value (node:internal/console/constructor:298:16)
    at console.log (node:internal/console/constructor:384:26)
    at log (C:\Users\aday\Documents\GitHub\ArtBastard_DMX512FTW\dist\logger.js:52:21)
    at process.<anonymous> (C:\Users\aday\Documents\GitHub\ArtBastard_DMX512FTW\dist\server.js:102:26)
    at process.emit (node:events:518:28)
    at process._fatalException (node:internal/process/execution:154:25)
2025-05-11T12:30:12.275Z - [INFO] Uncaught Exception: EPIPE: broken pipe, write
Stack: Error: EPIPE: broken pipe, write
    at Socket._write (node:internal/net:63:18)
    at writeOrBuffer (node:internal/streams/writable:572:12)
    at _write (node:internal/streams/writable:501:10)
    at Writable.write (node:internal/streams/writable:510:10)
    at console.value (node:internal/console/constructor:298:16)
    at console.log (node:internal/console/constructor:384:26)
    at log (C:\Users\aday\Documents\GitHub\ArtBastard_DMX512FTW\dist\logger.js:52:21)
    at process.<anonymous> (C:\Users\aday\Documents\GitHub\ArtBastard_DMX512FTW\dist\server.js:102:26)
    at process.emit (node:events:518:28)
    at process._fatalException (node:internal/process/execution:154:25)
2025-05-11T12:30:12.276Z - [INFO] Uncaught Exception: EPIPE: broken pipe, write
Stack: Error: EPIPE: broken pipe, write
    at Socket._write (node:internal/net:63:18)
    at writeOrBuffer (node:internal/streams/writable:572:12)
    at _write (node:internal/streams/writable:501:10)
    at Writable.write (node:internal/streams/writable:510:10)
    at console.value (node:internal/console/constructor:298:16)
    at console.log (node:internal/console/constructor:384:26)
    at log (C:\Users\aday\Documents\GitHub\ArtBastard_DMX512FTW\dist\logger.js:52:21)
    at process.<anonymous> (C:\Users\aday\Documents\GitHub\ArtBastard_DMX512FTW\dist\server.js:102:26)
    at process.emit (node:events:518:28)
    at process._fatalException (node:internal/process/execution:154:25)
2025-05-11T12:30:12.276Z - [INFO] Uncaught Exception: EPIPE: broken pipe, write
Stack: Error: EPIPE: broken pipe, write
    at Socket._write (node:internal/net:63:18)
    at writeOrBuffer (node:internal/streams/writable:572:12)
    at _write (node:internal/streams/writable:501:10)
    at Writable.write (node:internal/streams/writable:510:10)
    at console.value (node:internal/console/constructor:298:16)
    at console.log (node:internal/console/constructor:384:26)
    at log (C:\Users\aday\Documents\GitHub\ArtBastard_DMX512FTW\dist\logger.js:52:21)
    at process.<anonymous> (C:\Users\aday\Documents\GitHub\ArtBastard_DMX512FTW\dist\server.js:102:26)
    at process.emit (node:events:518:28)
    at process._fatalException (node:internal/process/execution:154:25)
2025-05-11T12:30:12.276Z - [INFO] Uncaught Exception: EPIPE: broken pipe, write
Stack: Error: EPIPE: broken pipe, write
    at Socket._write (node:internal/net:63:18)
    at writeOrBuffer (node:internal/streams/writable:572:12)
    at _write (node:internal/streams/writable:501:10)
    at Writable.write (node:internal/streams/writable:510:10)
    at console.value (node:internal/console/constructor:298:16)
    at console.log (node:internal/console/constructor:384:26)
    at log (C:\Users\aday\Documents\GitHub\ArtBastard_DMX512FTW\dist\logger.js:52:21)
    at process.<anonymous> (C:\Users\aday\Documents\GitHub\ArtBastard_DMX512FTW\dist\server.js:102:26)
    at process.emit (node:events:518:28)
    at process._fatalException (node:internal/process/execution:154:25)
2025-05-11T12:30:12.277Z - [INFO] Uncaught Exception: EPIPE: broken pipe, write
Stack: Error: EPIPE: broken pipe, write
    at Socket._write (node:internal/net:63:18)
    at writeOrBuffer (node:internal/streams/writable:572:12)
    at _write (node:internal/streams/writable:501:10)
    at Writable.write (node:internal/streams/writable:510:10)
    at console.value (node:internal/console/constructor:298:16)
    at console.log (node:internal/console/constructor:384:26)
    at log (C:\Users\aday\Documents\GitHub\ArtBastard_DMX512FTW\dist\logger.js:52:21)
    at process.<anonymous> (C:\Users\aday\Documents\GitHub\ArtBastard_DMX512FTW\dist\server.js:102:26)
    at process.emit (node:events:518:28)
    at process._fatalException (node:internal/process/execution:154:25)
2025-05-11T12:30:12.277Z - [INFO] Uncaught Exception: EPIPE: broken pipe, write
Stack: Error: EPIPE: broken pipe, write
    at Socket._write (node:internal/net:63:18)
    at writeOrBuffer (node:internal/streams/writable:572:12)
    at _write (node:internal/streams/writable:501:10)
    at Writable.write (node:internal/streams/writable:510:10)
    at console.value (node:internal/console/constructor:298:16)
    at console.log (node:internal/console/constructor:384:26)
    at log (C:\Users\aday\Documents\GitHub\ArtBastard_DMX512FTW\dist\logger.js:52:21)
    at process.<anonymous> (C:\Users\aday\Documents\GitHub\ArtBastard_DMX512FTW\dist\server.js:102:26)
    at process.emit (node:events:518:28)
    at process._fatalException (node:internal/process/execution:154:25)
2025-05-11T12:30:12.278Z - [INFO] Uncaught Exception: EPIPE: broken pipe, write
Stack: Error: EPIPE: broken pipe, write
    at Socket._write (node:internal/net:63:18)
    at writeOrBuffer (node:internal/streams/writable:572:12)
    at _write (node:internal/streams/writable:501:10)
    at Writable.write (node:internal/streams/writable:510:10)
    at console.value (node:internal/console/constructor:298:16)
    at console.log (node:internal/console/constructor:384:26)
    at log (C:\Users\aday\Documents\GitHub\ArtBastard_DMX512FTW\dist\logger.js:52:21)
    at process.<anonymous> (C:\Users\aday\Documents\GitHub\ArtBastard_DMX512FTW\dist\server.js:102:26)
    at process.emit (node:events:518:28)
    at process._fatalException (node:internal/process/execution:154:25)
2025-05-11T12:30:12.278Z - [INFO] Uncaught Exception: EPIPE: broken pipe, write
Stack: Error: EPIPE: broken pipe, write
    at Socket._write (node:internal/net:63:18)
    at writeOrBuffer (node:internal/streams/writable:572:12)
    at _write (node:internal/streams/writable:501:10)
    at Writable.write (node:internal/streams/writable:510:10)
    at console.value (node:internal/console/constructor:298:16)
    at console.log (node:internal/console/constructor:384:26)
    at log (C:\Users\aday\Documents\GitHub\ArtBastard_DMX512FTW\dist\logger.js:52:21)
    at process.<anonymous> (C:\Users\aday\Documents\GitHub\ArtBastard_DMX512FTW\dist\server.js:102:26)
    at process.emit (node:events:518:28)
    at process._fatalException (node:internal/process/execution:154:25)
2025-05-11T12:30:12.279Z - [INFO] Uncaught Exception: EPIPE: broken pipe, write
Stack: Error: EPIPE: broken pipe, write
    at Socket._write (node:internal/net:63:18)
    at writeOrBuffer (node:internal/streams/writable:572:12)
    at _write (node:internal/streams/writable:501:10)
    at Writable.write (node:internal/streams/writable:510:10)
    at console.value (node:internal/console/constructor:298:16)
    at console.log (node:internal/console/constructor:384:26)
    at log (C:\Users\aday\Documents\GitHub\ArtBastard_DMX512FTW\dist\logger.js:52:21)
    at process.<anonymous> (C:\Users\aday\Documents\GitHub\ArtBastard_DMX512FTW\dist\server.js:102:26)
    at process.emit (node:events:518:28)
    at process._fatalException (node:internal/process/execution:154:25)
2025-05-11T12:30:12.280Z - [INFO] Uncaught Exception: EPIPE: broken pipe, write
Stack: Error: EPIPE: broken pipe, write
    at Socket._write (node:internal/net:63:18)
    at writeOrBuffer (node:internal/streams/writable:572:12)
    at _write (node:internal/streams/writable:501:10)
    at Writable.write (node:internal/streams/writable:510:10)
    at console.value (node:internal/console/constructor:298:16)
    at console.log (node:internal/console/constructor:384:26)
    at log (C:\Users\aday\Documents\GitHub\ArtBastard_DMX512FTW\dist\logger.js:52:21)
    at process.<anonymous> (C:\Users\aday\Documents\GitHub\ArtBastard_DMX512FTW\dist\server.js:102:26)
    at process.emit (node:events:518:28)
    at process._fatalException (node:internal/process/execution:154:25)
2025-05-11T12:30:12.281Z - [INFO] Uncaught Exception: EPIPE: broken pipe, write
Stack: Error: EPIPE: broken pipe, write
    at Socket._write (node:internal/net:63:18)
    at writeOrBuffer (node:internal/streams/writable:572:12)
    at _write (node:internal/streams/writable:501:10)
    at Writable.write (node:internal/streams/writable:510:10)
    at console.value (node:internal/console/constructor:298:16)
    at console.log (node:internal/console/constructor:384:26)
    at log (C:\Users\aday\Documents\GitHub\ArtBastard_DMX512FTW\dist\logger.js:52:21)
    at process.<anonymous> (C:\Users\aday\Documents\GitHub\ArtBastard_DMX512FTW\dist\server.js:102:26)
    at process.emit (node:events:518:28)
    at process._fatalException (node:internal/process/execution:154:25)
2025-05-11T12:30:12.281Z - [INFO] Uncaught Exception: EPIPE: broken pipe, write
Stack: Error: EPIPE: broken pipe, write
    at Socket._write (node:internal/net:63:18)
    at writeOrBuffer (node:internal/streams/writable:572:12)
    at _write (node:internal/streams/writable:501:10)
    at Writable.write (node:internal/streams/writable:510:10)
    at console.value (node:internal/console/constructor:298:16)
    at console.log (node:internal/console/constructor:384:26)
    at log (C:\Users\aday\Documents\GitHub\ArtBastard_DMX512FTW\dist\logger.js:52:21)
    at process.<anonymous> (C:\Users\aday\Documents\GitHub\ArtBastard_DMX512FTW\dist\server.js:102:26)
    at process.emit (node:events:518:28)
    at process._fatalException (node:internal/process/execution:154:25)
2025-05-11T12:30:12.282Z - [INFO] Uncaught Exception: EPIPE: broken pipe, write
Stack: Error: EPIPE: broken pipe, write
    at Socket._write (node:internal/net:63:18)
    at writeOrBuffer (node:internal/streams/writable:572:12)
    at _write (node:internal/streams/writable:501:10)
    at Writable.write (node:internal/streams/writable:510:10)
    at console.value (node:internal/console/constructor:298:16)
    at console.log (node:internal/console/constructor:384:26)
    at log (C:\Users\aday\Documents\GitHub\ArtBastard_DMX512FTW\dist\logger.js:52:21)
    at process.<anonymous> (C:\Users\aday\Documents\GitHub\ArtBastard_DMX512FTW\dist\server.js:102:26)
    at process.emit (node:events:518:28)
    at process._fatalException (node:internal/process/execution:154:25)
2025-05-11T12:30:12.283Z - [INFO] Uncaught Exception: EPIPE: broken pipe, write
Stack: Error: EPIPE: broken pipe, write
    at Socket._write (node:internal/net:63:18)
    at writeOrBuffer (node:internal/streams/writable:572:12)
    at _write (node:internal/streams/writable:501:10)
    at Writable.write (node:internal/streams/writable:510:10)
    at console.value (node:internal/console/constructor:298:16)
    at console.log (node:internal/console/constructor:384:26)
    at log (C:\Users\aday\Documents\GitHub\ArtBastard_DMX512FTW\dist\logger.js:52:21)
    at process.<anonymous> (C:\Users\aday\Documents\GitHub\ArtBastard_DMX512FTW\dist\server.js:102:26)
    at process.emit (node:events:518:28)
    at process._fatalException (node:internal/process/execution:154:25)
2025-05-11T12:30:12.283Z - [INFO] Uncaught Exception: EPIPE: broken pipe, write
Stack: Error: EPIPE: broken pipe, write
    at Socket._write (node:internal/net:63:18)
    at writeOrBuffer (node:internal/streams/writable:572:12)
    at _write (node:internal/streams/writable:501:10)
    at Writable.write (node:internal/streams/writable:510:10)
    at console.value (node:internal/console/constructor:298:16)
    at console.log (node:internal/console/constructor:384:26)
    at log (C:\Users\aday\Documents\GitHub\ArtBastard_DMX512FTW\dist\logger.js:52:21)
    at process.<anonymous> (C:\Users\aday\Documents\GitHub\ArtBastard_DMX512FTW\dist\server.js:102:26)
    at process.emit (node:events:518:28)
    at process._fatalException (node:internal/process/execution:154:25)
2025-05-11T12:30:12.284Z - [INFO] Uncaught Exception: EPIPE: broken pipe, write
Stack: Error: EPIPE: broken pipe, write
    at Socket._write (node:internal/net:63:18)
    at writeOrBuffer (node:internal/streams/writable:572:12)
    at _write (node:internal/streams/writable:501:10)
    at Writable.write (node:internal/streams/writable:510:10)
    at console.value (node:internal/console/constructor:298:16)
    at console.log (node:internal/console/constructor:384:26)
    at log (C:\Users\aday\Documents\GitHub\ArtBastard_DMX512FTW\dist\logger.js:52:21)
    at process.<anonymous> (C:\Users\aday\Documents\GitHub\ArtBastard_DMX512FTW\dist\server.js:102:26)
    at process.emit (node:events:518:28)
    at process._fatalException (node:internal/process/execution:154:25)
2025-05-11T12:30:12.284Z - [INFO] Uncaught Exception: EPIPE: broken pipe, write
Stack: Error: EPIPE: broken pipe, write
    at Socket._write (node:internal/net:63:18)
    at writeOrBuffer (node:internal/streams/writable:572:12)
    at _write (node:internal/streams/writable:501:10)
    at Writable.write (node:internal/streams/writable:510:10)
    at console.value (node:internal/console/constructor:298:16)
    at console.log (node:internal/console/constructor:384:26)
    at log (C:\Users\aday\Documents\GitHub\ArtBastard_DMX512FTW\dist\logger.js:52:21)
    at process.<anonymous> (C:\Users\aday\Documents\GitHub\ArtBastard_DMX512FTW\dist\server.js:102:26)
    at process.emit (node:events:518:28)
    at process._fatalException (node:internal/process/execution:154:25)
2025-05-11T12:30:12.284Z - [INFO] Uncaught Exception: EPIPE: broken pipe, write
Stack: Error: EPIPE: broken pipe, write
    at Socket._write (node:internal/net:63:18)
    at writeOrBuffer (node:internal/streams/writable:572:12)
    at _write (node:internal/streams/writable:501:10)
    at Writable.write (node:internal/streams/writable:510:10)
    at console.value (node:internal/console/constructor:298:16)
    at console.log (node:internal/console/constructor:384:26)
    at log (C:\Users\aday\Documents\GitHub\ArtBastard_DMX512FTW\dist\logger.js:52:21)
    at process.<anonymous> (C:\Users\aday\Documents\GitHub\ArtBastard_DMX512FTW\dist\server.js:102:26)
    at process.emit (node:events:518:28)
    at process._fatalException (node:internal/process/execution:154:25)
2025-05-11T12:30:12.285Z - [INFO] Uncaught Exception: EPIPE: broken pipe, write
Stack: Error: EPIPE: broken pipe, write
    at Socket._write (node:internal/net:63:18)
    at writeOrBuffer (node:internal/streams/writable:572:12)
    at _write (node:internal/streams/writable:501:10)
    at Writable.write (node:internal/streams/writable:510:10)
    at console.value (node:internal/console/constructor:298:16)
    at console.log (node:internal/console/constructor:384:26)
    at log (C:\Users\aday\Documents\GitHub\ArtBastard_DMX512FTW\dist\logger.js:52:21)
    at process.<anonymous> (C:\Users\aday\Documents\GitHub\ArtBastard_DMX512FTW\dist\server.js:102:26)
    at process.emit (node:events:518:28)
    at process._fatalException (node:internal/process/execution:154:25)
2025-05-11T12:30:12.285Z - [INFO] Uncaught Exception: EPIPE: broken pipe, write
Stack: Error: EPIPE: broken pipe, write
    at Socket._write (node:internal/net:63:18)
    at writeOrBuffer (node:internal/streams/writable:572:12)
    at _write (node:internal/streams/writable:501:10)
    at Writable.write (node:internal/streams/writable:510:10)
    at console.value (node:internal/console/constructor:298:16)
    at console.log (node:internal/console/constructor:384:26)
    at log (C:\Users\aday\Documents\GitHub\ArtBastard_DMX512FTW\dist\logger.js:52:21)
    at process.<anonymous> (C:\Users\aday\Documents\GitHub\ArtBastard_DMX512FTW\dist\server.js:102:26)
    at process.emit (node:events:518:28)
    at process._fatalException (node:internal/process/execution:154:25)
2025-05-11T12:30:12.286Z - [INFO] Uncaught Exception: EPIPE: broken pipe, write
Stack: Error: EPIPE: broken pipe, write
    at Socket._write (node:internal/net:63:18)
    at writeOrBuffer (node:internal/streams/writable:572:12)
    at _write (node:internal/streams/writable:501:10)
    at Writable.write (node:internal/streams/writable:510:10)
    at console.value (node:internal/console/constructor:298:16)
    at console.log (node:internal/console/constructor:384:26)
    at log (C:\Users\aday\Documents\GitHub\ArtBastard_DMX512FTW\dist\logger.js:52:21)
    at process.<anonymous> (C:\Users\aday\Documents\GitHub\ArtBastard_DMX512FTW\dist\server.js:102:26)
    at process.emit (node:events:518:28)
    at process._fatalException (node:internal/process/execution:154:25)
2025-05-11T12:30:12.286Z - [INFO] Uncaught Exception: EPIPE: broken pipe, write
Stack: Error: EPIPE: broken pipe, write
    at Socket._write (node:internal/net:63:18)
    at writeOrBuffer (node:internal/streams/writable:572:12)
    at _write (node:internal/streams/writable:501:10)
    at Writable.write (node:internal/streams/writable:510:10)
    at console.value (node:internal/console/constructor:298:16)
    at console.log (node:internal/console/constructor:384:26)
    at log (C:\Users\aday\Documents\GitHub\ArtBastard_DMX512FTW\dist\logger.js:52:21)
    at process.<anonymous> (C:\Users\aday\Documents\GitHub\ArtBastard_DMX512FTW\dist\server.js:102:26)
    at process.emit (node:events:518:28)
    at process._fatalException (node:internal/process/execution:154:25)
2025-05-11T12:30:12.286Z - [INFO] Uncaught Exception: EPIPE: broken pipe, write
Stack: Error: EPIPE: broken pipe, write
    at Socket._write (node:internal/net:63:18)
    at writeOrBuffer (node:internal/streams/writable:572:12)
    at _write (node:internal/streams/writable:501:10)
    at Writable.write (node:internal/streams/writable:510:10)
    at console.value (node:internal/console/constructor:298:16)
    at console.log (node:internal/console/constructor:384:26)
    at log (C:\Users\aday\Documents\GitHub\ArtBastard_DMX512FTW\dist\logger.js:52:21)
    at process.<anonymous> (C:\Users\aday\Documents\GitHub\ArtBastard_DMX512FTW\dist\server.js:102:26)
    at process.emit (node:events:518:28)
    at process._fatalException (node:internal/process/execution:154:25)
2025-05-11T12:30:12.287Z - [INFO] Uncaught Exception: EPIPE: broken pipe, write
Stack: Error: EPIPE: broken pipe, write
    at Socket._write (node:internal/net:63:18)
    at writeOrBuffer (node:internal/streams/writable:572:12)
    at _write (node:internal/streams/writable:501:10)
    at Writable.write (node:internal/streams/writable:510:10)
    at console.value (node:internal/console/constructor:298:16)
    at console.log (node:internal/console/constructor:384:26)
    at log (C:\Users\aday\Documents\GitHub\ArtBastard_DMX512FTW\dist\logger.js:52:21)
    at process.<anonymous> (C:\Users\aday\Documents\GitHub\ArtBastard_DMX512FTW\dist\server.js:102:26)
    at process.emit (node:events:518:28)
    at process._fatalException (node:internal/process/execution:154:25)
2025-05-11T12:30:12.287Z - [INFO] Uncaught Exception: EPIPE: broken pipe, write
Stack: Error: EPIPE: broken pipe, write
    at Socket._write (node:internal/net:63:18)
    at writeOrBuffer (node:internal/streams/writable:572:12)
    at _write (node:internal/streams/writable:501:10)
    at Writable.write (node:internal/streams/writable:510:10)
    at console.value (node:internal/console/constructor:298:16)
    at console.log (node:internal/console/constructor:384:26)
    at log (C:\Users\aday\Documents\GitHub\ArtBastard_DMX512FTW\dist\logger.js:52:21)
    at process.<anonymous> (C:\Users\aday\Documents\GitHub\ArtBastard_DMX512FTW\dist\server.js:102:26)
    at process.emit (node:events:518:28)
    at process._fatalException (node:internal/process/execution:154:25)
2025-05-11T12:30:12.288Z - [INFO] Uncaught Exception: EPIPE: broken pipe, write
Stack: Error: EPIPE: broken pipe, write
    at Socket._write (node:internal/net:63:18)
    at writeOrBuffer (node:internal/streams/writable:572:12)
    at _write (node:internal/streams/writable:501:10)
    at Writable.write (node:internal/streams/writable:510:10)
    at console.value (node:internal/console/constructor:298:16)
    at console.log (node:internal/console/constructor:384:26)
    at log (C:\Users\aday\Documents\GitHub\ArtBastard_DMX512FTW\dist\logger.js:52:21)
    at process.<anonymous> (C:\Users\aday\Documents\GitHub\ArtBastard_DMX512FTW\dist\server.js:102:26)
    at process.emit (node:events:518:28)
    at process._fatalException (node:internal/process/execution:154:25)
2025-05-11T12:30:12.288Z - [INFO] Uncaught Exception: EPIPE: broken pipe, write
Stack: Error: EPIPE: broken pipe, write
    at Socket._write (node:internal/net:63:18)
    at writeOrBuffer (node:internal/streams/writable:572:12)
    at _write (node:internal/streams/writable:501:10)
    at Writable.write (node:internal/streams/writable:510:10)
    at console.value (node:internal/console/constructor:298:16)
    at console.log (node:internal/console/constructor:384:26)
    at log (C:\Users\aday\Documents\GitHub\ArtBastard_DMX512FTW\dist\logger.js:52:21)
    at process.<anonymous> (C:\Users\aday\Documents\GitHub\ArtBastard_DMX512FTW\dist\server.js:102:26)
    at process.emit (node:events:518:28)
    at process._fatalException (node:internal/process/execution:154:25)
2025-05-11T12:30:12.289Z - [INFO] Uncaught Exception: EPIPE: broken pipe, write
Stack: Error: EPIPE: broken pipe, write
    at Socket._write (node:internal/net:63:18)
    at writeOrBuffer (node:internal/streams/writable:572:12)
    at _write (node:internal/streams/writable:501:10)
    at Writable.write (node:internal/streams/writable:510:10)
    at console.value (node:internal/console/constructor:298:16)
    at console.log (node:internal/console/constructor:384:26)
    at log (C:\Users\aday\Documents\GitHub\ArtBastard_DMX512FTW\dist\logger.js:52:21)
    at process.<anonymous> (C:\Users\aday\Documents\GitHub\ArtBastard_DMX512FTW\dist\server.js:102:26)
    at process.emit (node:events:518:28)
    at process._fatalException (node:internal/process/execution:154:25)
2025-05-11T12:30:12.289Z - [INFO] Uncaught Exception: EPIPE: broken pipe, write
Stack: Error: EPIPE: broken pipe, write
    at Socket._write (node:internal/net:63:18)
    at writeOrBuffer (node:internal/streams/writable:572:12)
    at _write (node:internal/streams/writable:501:10)
    at Writable.write (node:internal/streams/writable:510:10)
    at console.value (node:internal/console/constructor:298:16)
    at console.log (node:internal/console/constructor:384:26)
    at log (C:\Users\aday\Documents\GitHub\ArtBastard_DMX512FTW\dist\logger.js:52:21)
    at process.<anonymous> (C:\Users\aday\Documents\GitHub\ArtBastard_DMX512FTW\dist\server.js:102:26)
    at process.emit (node:events:518:28)
    at process._fatalException (node:internal/process/execution:154:25)
2025-05-11T12:30:12.290Z - [INFO] Uncaught Exception: EPIPE: broken pipe, write
Stack: Error: EPIPE: broken pipe, write
    at Socket._write (node:internal/net:63:18)
    at writeOrBuffer (node:internal/streams/writable:572:12)
    at _write (node:internal/streams/writable:501:10)
    at Writable.write (node:internal/streams/writable:510:10)
    at console.value (node:internal/console/constructor:298:16)
    at console.log (node:internal/console/constructor:384:26)
    at log (C:\Users\aday\Documents\GitHub\ArtBastard_DMX512FTW\dist\logger.js:52:21)
    at process.<anonymous> (C:\Users\aday\Documents\GitHub\ArtBastard_DMX512FTW\dist\server.js:102:26)
    at process.emit (node:events:518:28)
    at process._fatalException (node:internal/process/execution:154:25)
2025-05-11T12:30:12.290Z - [INFO] Uncaught Exception: EPIPE: broken pipe, write
Stack: Error: EPIPE: broken pipe, write
    at Socket._write (node:internal/net:63:18)
    at writeOrBuffer (node:internal/streams/writable:572:12)
    at _write (node:internal/streams/writable:501:10)
    at Writable.write (node:internal/streams/writable:510:10)
    at console.value (node:internal/console/constructor:298:16)
    at console.log (node:internal/console/constructor:384:26)
    at log (C:\Users\aday\Documents\GitHub\ArtBastard_DMX512FTW\dist\logger.js:52:21)
    at process.<anonymous> (C:\Users\aday\Documents\GitHub\ArtBastard_DMX512FTW\dist\server.js:102:26)
    at process.emit (node:events:518:28)
    at process._fatalException (node:internal/process/execution:154:25)
2025-05-11T12:30:12.290Z - [INFO] Uncaught Exception: EPIPE: broken pipe, write
Stack: Error: EPIPE: broken pipe, write
    at Socket._write (node:internal/net:63:18)
    at writeOrBuffer (node:internal/streams/writable:572:12)
    at _write (node:internal/streams/writable:501:10)
    at Writable.write (node:internal/streams/writable:510:10)
    at console.value (node:internal/console/constructor:298:16)
    at console.log (node:internal/console/constructor:384:26)
    at log (C:\Users\aday\Documents\GitHub\ArtBastard_DMX512FTW\dist\logger.js:52:21)
    at process.<anonymous> (C:\Users\aday\Documents\GitHub\ArtBastard_DMX512FTW\dist\server.js:102:26)
    at process.emit (node:events:518:28)
    at process._fatalException (node:internal/process/execution:154:25)
